[     151ms] [LOG] %c * Tone.js v15.1.22 *  background: #000; color: #fff @ http://localhost:5180/node_modules/.vite/deps/tone.js?v=8d4b5fe3:9690
[     188ms] [WARNING] The AudioContext was not allowed to start. It must be resumed (or created) after a user gesture on the page. https://developer.chrome.com/blog/autoplay/#web_audio @ http://localhost:5180/node_modules/.vite/deps/tone.js?v=8d4b5fe3:7610
[     189ms] [WARNING] The AudioContext was not allowed to start. It must be resumed (or created) after a user gesture on the page. https://developer.chrome.com/blog/autoplay/#web_audio @ http://localhost:5180/node_modules/.vite/deps/tone.js?v=8d4b5fe3:2867
[     194ms] [WARNING] The AudioContext was not allowed to start. It must be resumed (or created) after a user gesture on the page. https://developer.chrome.com/blog/autoplay/#web_audio @ http://localhost:5180/node_modules/.vite/deps/tone.js?v=8d4b5fe3:2867
[     196ms] [WARNING] The AudioContext was not allowed to start. It must be resumed (or created) after a user gesture on the page. https://developer.chrome.com/blog/autoplay/#web_audio @ http://localhost:5180/node_modules/.vite/deps/tone.js?v=8d4b5fe3:7572
[     196ms] [WARNING] The AudioContext was not allowed to start. It must be resumed (or created) after a user gesture on the page. https://developer.chrome.com/blog/autoplay/#web_audio @ http://localhost:5180/node_modules/.vite/deps/tone.js?v=8d4b5fe3:7574
[     196ms] [WARNING] The AudioContext was not allowed to start. It must be resumed (or created) after a user gesture on the page. https://developer.chrome.com/blog/autoplay/#web_audio @ http://localhost:5180/node_modules/.vite/deps/tone.js?v=8d4b5fe3:7587
[     196ms] [WARNING] The AudioContext was not allowed to start. It must be resumed (or created) after a user gesture on the page. https://developer.chrome.com/blog/autoplay/#web_audio @ http://localhost:5180/node_modules/.vite/deps/tone.js?v=8d4b5fe3:7597
[     196ms] [WARNING] The AudioContext was not allowed to start. It must be resumed (or created) after a user gesture on the page. https://developer.chrome.com/blog/autoplay/#web_audio @ http://localhost:5180/node_modules/.vite/deps/tone.js?v=8d4b5fe3:7622
[     197ms] [WARNING] The AudioContext was not allowed to start. It must be resumed (or created) after a user gesture on the page. https://developer.chrome.com/blog/autoplay/#web_audio @ http://localhost:5180/node_modules/.vite/deps/tone.js?v=8d4b5fe3:883
[     197ms] [WARNING] The AudioContext was not allowed to start. It must be resumed (or created) after a user gesture on the page. https://developer.chrome.com/blog/autoplay/#web_audio @ http://localhost:5180/node_modules/.vite/deps/tone.js?v=8d4b5fe3:2825
[     199ms] [WARNING] The AudioContext was not allowed to start. It must be resumed (or created) after a user gesture on the page. https://developer.chrome.com/blog/autoplay/#web_audio @ http://localhost:5180/node_modules/.vite/deps/tone.js?v=8d4b5fe3:2867
[     199ms] [WARNING] The AudioContext was not allowed to start. It must be resumed (or created) after a user gesture on the page. https://developer.chrome.com/blog/autoplay/#web_audio @ http://localhost:5180/node_modules/.vite/deps/tone.js?v=8d4b5fe3:2867
[     200ms] [WARNING] The AudioContext was not allowed to start. It must be resumed (or created) after a user gesture on the page. https://developer.chrome.com/blog/autoplay/#web_audio @ http://localhost:5180/node_modules/.vite/deps/tone.js?v=8d4b5fe3:2867
[     200ms] [WARNING] The AudioContext was not allowed to start. It must be resumed (or created) after a user gesture on the page. https://developer.chrome.com/blog/autoplay/#web_audio @ http://localhost:5180/node_modules/.vite/deps/tone.js?v=8d4b5fe3:2867
[     201ms] [WARNING] The AudioContext was not allowed to start. It must be resumed (or created) after a user gesture on the page. https://developer.chrome.com/blog/autoplay/#web_audio @ http://localhost:5180/node_modules/.vite/deps/tone.js?v=8d4b5fe3:2867
[     201ms] [WARNING] The AudioContext was not allowed to start. It must be resumed (or created) after a user gesture on the page. https://developer.chrome.com/blog/autoplay/#web_audio @ http://localhost:5180/node_modules/.vite/deps/tone.js?v=8d4b5fe3:2867
[     202ms] [WARNING] The AudioContext was not allowed to start. It must be resumed (or created) after a user gesture on the page. https://developer.chrome.com/blog/autoplay/#web_audio @ http://localhost:5180/node_modules/.vite/deps/tone.js?v=8d4b5fe3:2867
[     202ms] [WARNING] The AudioContext was not allowed to start. It must be resumed (or created) after a user gesture on the page. https://developer.chrome.com/blog/autoplay/#web_audio @ http://localhost:5180/node_modules/.vite/deps/tone.js?v=8d4b5fe3:2867
[     203ms] [WARNING] The AudioContext was not allowed to start. It must be resumed (or created) after a user gesture on the page. https://developer.chrome.com/blog/autoplay/#web_audio @ http://localhost:5180/node_modules/.vite/deps/tone.js?v=8d4b5fe3:2867
[     203ms] [WARNING] The AudioContext was not allowed to start. It must be resumed (or created) after a user gesture on the page. https://developer.chrome.com/blog/autoplay/#web_audio @ http://localhost:5180/node_modules/.vite/deps/tone.js?v=8d4b5fe3:2867
[     203ms] [WARNING] The AudioContext was not allowed to start. It must be resumed (or created) after a user gesture on the page. https://developer.chrome.com/blog/autoplay/#web_audio @ http://localhost:5180/node_modules/.vite/deps/tone.js?v=8d4b5fe3:2867
[     204ms] [WARNING] The AudioContext was not allowed to start. It must be resumed (or created) after a user gesture on the page. https://developer.chrome.com/blog/autoplay/#web_audio @ http://localhost:5180/node_modules/.vite/deps/tone.js?v=8d4b5fe3:2867
[     204ms] [WARNING] The AudioContext was not allowed to start. It must be resumed (or created) after a user gesture on the page. https://developer.chrome.com/blog/autoplay/#web_audio @ http://localhost:5180/node_modules/.vite/deps/tone.js?v=8d4b5fe3:2867
[     204ms] [WARNING] The AudioContext was not allowed to start. It must be resumed (or created) after a user gesture on the page. https://developer.chrome.com/blog/autoplay/#web_audio @ http://localhost:5180/node_modules/.vite/deps/tone.js?v=8d4b5fe3:2867
[     204ms] [WARNING] The AudioContext was not allowed to start. It must be resumed (or created) after a user gesture on the page. https://developer.chrome.com/blog/autoplay/#web_audio @ http://localhost:5180/node_modules/.vite/deps/tone.js?v=8d4b5fe3:2867
[     204ms] [WARNING] The AudioContext was not allowed to start. It must be resumed (or created) after a user gesture on the page. https://developer.chrome.com/blog/autoplay/#web_audio @ http://localhost:5180/node_modules/.vite/deps/tone.js?v=8d4b5fe3:2867
[     205ms] [WARNING] The AudioContext was not allowed to start. It must be resumed (or created) after a user gesture on the page. https://developer.chrome.com/blog/autoplay/#web_audio @ http://localhost:5180/node_modules/.vite/deps/tone.js?v=8d4b5fe3:2867
[     205ms] [WARNING] The AudioContext was not allowed to start. It must be resumed (or created) after a user gesture on the page. https://developer.chrome.com/blog/autoplay/#web_audio @ http://localhost:5180/node_modules/.vite/deps/tone.js?v=8d4b5fe3:2867
[     205ms] [WARNING] The AudioContext was not allowed to start. It must be resumed (or created) after a user gesture on the page. https://developer.chrome.com/blog/autoplay/#web_audio @ http://localhost:5180/node_modules/.vite/deps/tone.js?v=8d4b5fe3:2867
[     205ms] [WARNING] The AudioContext was not allowed to start. It must be resumed (or created) after a user gesture on the page. https://developer.chrome.com/blog/autoplay/#web_audio @ http://localhost:5180/node_modules/.vite/deps/tone.js?v=8d4b5fe3:2867
[     205ms] [WARNING] The AudioContext was not allowed to start. It must be resumed (or created) after a user gesture on the page. https://developer.chrome.com/blog/autoplay/#web_audio @ http://localhost:5180/node_modules/.vite/deps/tone.js?v=8d4b5fe3:2867
[     205ms] [WARNING] The AudioContext was not allowed to start. It must be resumed (or created) after a user gesture on the page. https://developer.chrome.com/blog/autoplay/#web_audio @ http://localhost:5180/node_modules/.vite/deps/tone.js?v=8d4b5fe3:2867
[     206ms] [WARNING] The AudioContext was not allowed to start. It must be resumed (or created) after a user gesture on the page. https://developer.chrome.com/blog/autoplay/#web_audio @ http://localhost:5180/node_modules/.vite/deps/tone.js?v=8d4b5fe3:2867
[     206ms] [WARNING] The AudioContext was not allowed to start. It must be resumed (or created) after a user gesture on the page. https://developer.chrome.com/blog/autoplay/#web_audio @ http://localhost:5180/node_modules/.vite/deps/tone.js?v=8d4b5fe3:2867
[     206ms] [WARNING] The AudioContext was not allowed to start. It must be resumed (or created) after a user gesture on the page. https://developer.chrome.com/blog/autoplay/#web_audio @ http://localhost:5180/node_modules/.vite/deps/tone.js?v=8d4b5fe3:2867
[     206ms] [WARNING] The AudioContext was not allowed to start. It must be resumed (or created) after a user gesture on the page. https://developer.chrome.com/blog/autoplay/#web_audio @ http://localhost:5180/node_modules/.vite/deps/tone.js?v=8d4b5fe3:2867
[     206ms] [WARNING] The AudioContext was not allowed to start. It must be resumed (or created) after a user gesture on the page. https://developer.chrome.com/blog/autoplay/#web_audio @ http://localhost:5180/node_modules/.vite/deps/tone.js?v=8d4b5fe3:2867
[     206ms] [WARNING] The AudioContext was not allowed to start. It must be resumed (or created) after a user gesture on the page. https://developer.chrome.com/blog/autoplay/#web_audio @ http://localhost:5180/node_modules/.vite/deps/tone.js?v=8d4b5fe3:2867
[     207ms] [WARNING] The AudioContext was not allowed to start. It must be resumed (or created) after a user gesture on the page. https://developer.chrome.com/blog/autoplay/#web_audio @ http://localhost:5180/node_modules/.vite/deps/tone.js?v=8d4b5fe3:2867
[     207ms] [WARNING] The AudioContext was not allowed to start. It must be resumed (or created) after a user gesture on the page. https://developer.chrome.com/blog/autoplay/#web_audio @ http://localhost:5180/node_modules/.vite/deps/tone.js?v=8d4b5fe3:2867
[     207ms] [WARNING] The AudioContext was not allowed to start. It must be resumed (or created) after a user gesture on the page. https://developer.chrome.com/blog/autoplay/#web_audio @ http://localhost:5180/node_modules/.vite/deps/tone.js?v=8d4b5fe3:2867
[     207ms] [WARNING] The AudioContext was not allowed to start. It must be resumed (or created) after a user gesture on the page. https://developer.chrome.com/blog/autoplay/#web_audio @ http://localhost:5180/node_modules/.vite/deps/tone.js?v=8d4b5fe3:2867
[     207ms] [WARNING] The AudioContext was not allowed to start. It must be resumed (or created) after a user gesture on the page. https://developer.chrome.com/blog/autoplay/#web_audio @ http://localhost:5180/node_modules/.vite/deps/tone.js?v=8d4b5fe3:2867
[     207ms] [WARNING] The AudioContext was not allowed to start. It must be resumed (or created) after a user gesture on the page. https://developer.chrome.com/blog/autoplay/#web_audio @ http://localhost:5180/node_modules/.vite/deps/tone.js?v=8d4b5fe3:2867
[     208ms] [WARNING] The AudioContext was not allowed to start. It must be resumed (or created) after a user gesture on the page. https://developer.chrome.com/blog/autoplay/#web_audio @ http://localhost:5180/node_modules/.vite/deps/tone.js?v=8d4b5fe3:2867
[     208ms] [WARNING] The AudioContext was not allowed to start. It must be resumed (or created) after a user gesture on the page. https://developer.chrome.com/blog/autoplay/#web_audio @ http://localhost:5180/node_modules/.vite/deps/tone.js?v=8d4b5fe3:2867
[     208ms] [WARNING] The AudioContext was not allowed to start. It must be resumed (or created) after a user gesture on the page. https://developer.chrome.com/blog/autoplay/#web_audio @ http://localhost:5180/node_modules/.vite/deps/tone.js?v=8d4b5fe3:2867
[     208ms] [WARNING] The AudioContext was not allowed to start. It must be resumed (or created) after a user gesture on the page. https://developer.chrome.com/blog/autoplay/#web_audio @ http://localhost:5180/node_modules/.vite/deps/tone.js?v=8d4b5fe3:2867
[     209ms] [WARNING] The AudioContext was not allowed to start. It must be resumed (or created) after a user gesture on the page. https://developer.chrome.com/blog/autoplay/#web_audio @ http://localhost:5180/node_modules/.vite/deps/tone.js?v=8d4b5fe3:2867
[     209ms] [WARNING] The AudioContext was not allowed to start. It must be resumed (or created) after a user gesture on the page. https://developer.chrome.com/blog/autoplay/#web_audio @ http://localhost:5180/node_modules/.vite/deps/tone.js?v=8d4b5fe3:2867
[     209ms] [WARNING] The AudioContext was not allowed to start. It must be resumed (or created) after a user gesture on the page. https://developer.chrome.com/blog/autoplay/#web_audio @ http://localhost:5180/node_modules/.vite/deps/tone.js?v=8d4b5fe3:2867
[     209ms] [WARNING] The AudioContext was not allowed to start. It must be resumed (or created) after a user gesture on the page. https://developer.chrome.com/blog/autoplay/#web_audio @ http://localhost:5180/node_modules/.vite/deps/tone.js?v=8d4b5fe3:2867
[     209ms] [WARNING] The AudioContext was not allowed to start. It must be resumed (or created) after a user gesture on the page. https://developer.chrome.com/blog/autoplay/#web_audio @ http://localhost:5180/node_modules/.vite/deps/tone.js?v=8d4b5fe3:2867
[     209ms] [WARNING] The AudioContext was not allowed to start. It must be resumed (or created) after a user gesture on the page. https://developer.chrome.com/blog/autoplay/#web_audio @ http://localhost:5180/node_modules/.vite/deps/tone.js?v=8d4b5fe3:2867
[     210ms] [WARNING] The AudioContext was not allowed to start. It must be resumed (or created) after a user gesture on the page. https://developer.chrome.com/blog/autoplay/#web_audio @ http://localhost:5180/node_modules/.vite/deps/tone.js?v=8d4b5fe3:2867
[     210ms] [WARNING] The AudioContext was not allowed to start. It must be resumed (or created) after a user gesture on the page. https://developer.chrome.com/blog/autoplay/#web_audio @ http://localhost:5180/node_modules/.vite/deps/tone.js?v=8d4b5fe3:2867
[     210ms] [WARNING] The AudioContext was not allowed to start. It must be resumed (or created) after a user gesture on the page. https://developer.chrome.com/blog/autoplay/#web_audio @ http://localhost:5180/node_modules/.vite/deps/tone.js?v=8d4b5fe3:2867
[     210ms] [WARNING] The AudioContext was not allowed to start. It must be resumed (or created) after a user gesture on the page. https://developer.chrome.com/blog/autoplay/#web_audio @ http://localhost:5180/node_modules/.vite/deps/tone.js?v=8d4b5fe3:2867
[     210ms] [WARNING] The AudioContext was not allowed to start. It must be resumed (or created) after a user gesture on the page. https://developer.chrome.com/blog/autoplay/#web_audio @ http://localhost:5180/node_modules/.vite/deps/tone.js?v=8d4b5fe3:2867
[     210ms] [WARNING] The AudioContext was not allowed to start. It must be resumed (or created) after a user gesture on the page. https://developer.chrome.com/blog/autoplay/#web_audio @ http://localhost:5180/node_modules/.vite/deps/tone.js?v=8d4b5fe3:2867
[     211ms] [WARNING] The AudioContext was not allowed to start. It must be resumed (or created) after a user gesture on the page. https://developer.chrome.com/blog/autoplay/#web_audio @ http://localhost:5180/node_modules/.vite/deps/tone.js?v=8d4b5fe3:2867
[     211ms] [WARNING] The AudioContext was not allowed to start. It must be resumed (or created) after a user gesture on the page. https://developer.chrome.com/blog/autoplay/#web_audio @ http://localhost:5180/node_modules/.vite/deps/tone.js?v=8d4b5fe3:2867
[     211ms] [WARNING] The AudioContext was not allowed to start. It must be resumed (or created) after a user gesture on the page. https://developer.chrome.com/blog/autoplay/#web_audio @ http://localhost:5180/node_modules/.vite/deps/tone.js?v=8d4b5fe3:2867
[     211ms] [WARNING] The AudioContext was not allowed to start. It must be resumed (or created) after a user gesture on the page. https://developer.chrome.com/blog/autoplay/#web_audio @ http://localhost:5180/node_modules/.vite/deps/tone.js?v=8d4b5fe3:2867
[     211ms] [WARNING] The AudioContext was not allowed to start. It must be resumed (or created) after a user gesture on the page. https://developer.chrome.com/blog/autoplay/#web_audio @ http://localhost:5180/node_modules/.vite/deps/tone.js?v=8d4b5fe3:2867
[     212ms] [WARNING] The AudioContext was not allowed to start. It must be resumed (or created) after a user gesture on the page. https://developer.chrome.com/blog/autoplay/#web_audio @ http://localhost:5180/node_modules/.vite/deps/tone.js?v=8d4b5fe3:2867
[     212ms] [WARNING] The AudioContext was not allowed to start. It must be resumed (or created) after a user gesture on the page. https://developer.chrome.com/blog/autoplay/#web_audio @ http://localhost:5180/node_modules/.vite/deps/tone.js?v=8d4b5fe3:2867
[     212ms] [WARNING] The AudioContext was not allowed to start. It must be resumed (or created) after a user gesture on the page. https://developer.chrome.com/blog/autoplay/#web_audio @ http://localhost:5180/node_modules/.vite/deps/tone.js?v=8d4b5fe3:2867
[     212ms] [WARNING] The AudioContext was not allowed to start. It must be resumed (or created) after a user gesture on the page. https://developer.chrome.com/blog/autoplay/#web_audio @ http://localhost:5180/node_modules/.vite/deps/tone.js?v=8d4b5fe3:2867
[     212ms] [WARNING] The AudioContext was not allowed to start. It must be resumed (or created) after a user gesture on the page. https://developer.chrome.com/blog/autoplay/#web_audio @ http://localhost:5180/node_modules/.vite/deps/tone.js?v=8d4b5fe3:2867
[     212ms] [WARNING] The AudioContext was not allowed to start. It must be resumed (or created) after a user gesture on the page. https://developer.chrome.com/blog/autoplay/#web_audio @ http://localhost:5180/node_modules/.vite/deps/tone.js?v=8d4b5fe3:2867
[     212ms] [WARNING] The AudioContext was not allowed to start. It must be resumed (or created) after a user gesture on the page. https://developer.chrome.com/blog/autoplay/#web_audio @ http://localhost:5180/node_modules/.vite/deps/tone.js?v=8d4b5fe3:2867
[     212ms] [WARNING] The AudioContext was not allowed to start. It must be resumed (or created) after a user gesture on the page. https://developer.chrome.com/blog/autoplay/#web_audio @ http://localhost:5180/node_modules/.vite/deps/tone.js?v=8d4b5fe3:2867
[     213ms] [WARNING] The AudioContext was not allowed to start. It must be resumed (or created) after a user gesture on the page. https://developer.chrome.com/blog/autoplay/#web_audio @ http://localhost:5180/node_modules/.vite/deps/tone.js?v=8d4b5fe3:2867
[     213ms] [WARNING] The AudioContext was not allowed to start. It must be resumed (or created) after a user gesture on the page. https://developer.chrome.com/blog/autoplay/#web_audio @ http://localhost:5180/node_modules/.vite/deps/tone.js?v=8d4b5fe3:2867
[     214ms] [WARNING] The AudioContext was not allowed to start. It must be resumed (or created) after a user gesture on the page. https://developer.chrome.com/blog/autoplay/#web_audio @ http://localhost:5180/node_modules/.vite/deps/tone.js?v=8d4b5fe3:2867
[   65923ms] [LOG] %c * Tone.js v15.1.22 *  background: #000; color: #fff @ http://localhost:5180/node_modules/.vite/deps/tone.js?v=8d4b5fe3:9690
[   65952ms] [WARNING] The AudioContext was not allowed to start. It must be resumed (or created) after a user gesture on the page. https://developer.chrome.com/blog/autoplay/#web_audio @ http://localhost:5180/node_modules/.vite/deps/tone.js?v=8d4b5fe3:7610
[   65953ms] [WARNING] The AudioContext was not allowed to start. It must be resumed (or created) after a user gesture on the page. https://developer.chrome.com/blog/autoplay/#web_audio @ http://localhost:5180/node_modules/.vite/deps/tone.js?v=8d4b5fe3:2867
[   65954ms] [WARNING] The AudioContext was not allowed to start. It must be resumed (or created) after a user gesture on the page. https://developer.chrome.com/blog/autoplay/#web_audio @ http://localhost:5180/node_modules/.vite/deps/tone.js?v=8d4b5fe3:2867
[   65954ms] [WARNING] The AudioContext was not allowed to start. It must be resumed (or created) after a user gesture on the page. https://developer.chrome.com/blog/autoplay/#web_audio @ http://localhost:5180/node_modules/.vite/deps/tone.js?v=8d4b5fe3:7572
[   65954ms] [WARNING] The AudioContext was not allowed to start. It must be resumed (or created) after a user gesture on the page. https://developer.chrome.com/blog/autoplay/#web_audio @ http://localhost:5180/node_modules/.vite/deps/tone.js?v=8d4b5fe3:7574
[   65954ms] [WARNING] The AudioContext was not allowed to start. It must be resumed (or created) after a user gesture on the page. https://developer.chrome.com/blog/autoplay/#web_audio @ http://localhost:5180/node_modules/.vite/deps/tone.js?v=8d4b5fe3:7587
[   65954ms] [WARNING] The AudioContext was not allowed to start. It must be resumed (or created) after a user gesture on the page. https://developer.chrome.com/blog/autoplay/#web_audio @ http://localhost:5180/node_modules/.vite/deps/tone.js?v=8d4b5fe3:7597
[   65954ms] [WARNING] The AudioContext was not allowed to start. It must be resumed (or created) after a user gesture on the page. https://developer.chrome.com/blog/autoplay/#web_audio @ http://localhost:5180/node_modules/.vite/deps/tone.js?v=8d4b5fe3:7622
[   65954ms] [WARNING] The AudioContext was not allowed to start. It must be resumed (or created) after a user gesture on the page. https://developer.chrome.com/blog/autoplay/#web_audio @ http://localhost:5180/node_modules/.vite/deps/tone.js?v=8d4b5fe3:883
[   65954ms] [WARNING] The AudioContext was not allowed to start. It must be resumed (or created) after a user gesture on the page. https://developer.chrome.com/blog/autoplay/#web_audio @ http://localhost:5180/node_modules/.vite/deps/tone.js?v=8d4b5fe3:2825
[   65955ms] [WARNING] The AudioContext was not allowed to start. It must be resumed (or created) after a user gesture on the page. https://developer.chrome.com/blog/autoplay/#web_audio @ http://localhost:5180/node_modules/.vite/deps/tone.js?v=8d4b5fe3:2867
[   65955ms] [WARNING] The AudioContext was not allowed to start. It must be resumed (or created) after a user gesture on the page. https://developer.chrome.com/blog/autoplay/#web_audio @ http://localhost:5180/node_modules/.vite/deps/tone.js?v=8d4b5fe3:2867
[   65955ms] [WARNING] The AudioContext was not allowed to start. It must be resumed (or created) after a user gesture on the page. https://developer.chrome.com/blog/autoplay/#web_audio @ http://localhost:5180/node_modules/.vite/deps/tone.js?v=8d4b5fe3:2867
[   65955ms] [WARNING] The AudioContext was not allowed to start. It must be resumed (or created) after a user gesture on the page. https://developer.chrome.com/blog/autoplay/#web_audio @ http://localhost:5180/node_modules/.vite/deps/tone.js?v=8d4b5fe3:2867
[   65956ms] [WARNING] The AudioContext was not allowed to start. It must be resumed (or created) after a user gesture on the page. https://developer.chrome.com/blog/autoplay/#web_audio @ http://localhost:5180/node_modules/.vite/deps/tone.js?v=8d4b5fe3:2867
[   65957ms] [WARNING] The AudioContext was not allowed to start. It must be resumed (or created) after a user gesture on the page. https://developer.chrome.com/blog/autoplay/#web_audio @ http://localhost:5180/node_modules/.vite/deps/tone.js?v=8d4b5fe3:2867
[   65957ms] [WARNING] The AudioContext was not allowed to start. It must be resumed (or created) after a user gesture on the page. https://developer.chrome.com/blog/autoplay/#web_audio @ http://localhost:5180/node_modules/.vite/deps/tone.js?v=8d4b5fe3:2867
[   65957ms] [WARNING] The AudioContext was not allowed to start. It must be resumed (or created) after a user gesture on the page. https://developer.chrome.com/blog/autoplay/#web_audio @ http://localhost:5180/node_modules/.vite/deps/tone.js?v=8d4b5fe3:2867
[   65957ms] [WARNING] The AudioContext was not allowed to start. It must be resumed (or created) after a user gesture on the page. https://developer.chrome.com/blog/autoplay/#web_audio @ http://localhost:5180/node_modules/.vite/deps/tone.js?v=8d4b5fe3:2867
[   65957ms] [WARNING] The AudioContext was not allowed to start. It must be resumed (or created) after a user gesture on the page. https://developer.chrome.com/blog/autoplay/#web_audio @ http://localhost:5180/node_modules/.vite/deps/tone.js?v=8d4b5fe3:2867
[   65958ms] [WARNING] The AudioContext was not allowed to start. It must be resumed (or created) after a user gesture on the page. https://developer.chrome.com/blog/autoplay/#web_audio @ http://localhost:5180/node_modules/.vite/deps/tone.js?v=8d4b5fe3:2867
[   65958ms] [WARNING] The AudioContext was not allowed to start. It must be resumed (or created) after a user gesture on the page. https://developer.chrome.com/blog/autoplay/#web_audio @ http://localhost:5180/node_modules/.vite/deps/tone.js?v=8d4b5fe3:2867
[   65958ms] [WARNING] The AudioContext was not allowed to start. It must be resumed (or created) after a user gesture on the page. https://developer.chrome.com/blog/autoplay/#web_audio @ http://localhost:5180/node_modules/.vite/deps/tone.js?v=8d4b5fe3:2867
[   65958ms] [WARNING] The AudioContext was not allowed to start. It must be resumed (or created) after a user gesture on the page. https://developer.chrome.com/blog/autoplay/#web_audio @ http://localhost:5180/node_modules/.vite/deps/tone.js?v=8d4b5fe3:2867
[   65958ms] [WARNING] The AudioContext was not allowed to start. It must be resumed (or created) after a user gesture on the page. https://developer.chrome.com/blog/autoplay/#web_audio @ http://localhost:5180/node_modules/.vite/deps/tone.js?v=8d4b5fe3:2867
[   65959ms] [WARNING] The AudioContext was not allowed to start. It must be resumed (or created) after a user gesture on the page. https://developer.chrome.com/blog/autoplay/#web_audio @ http://localhost:5180/node_modules/.vite/deps/tone.js?v=8d4b5fe3:2867
[   65959ms] [WARNING] The AudioContext was not allowed to start. It must be resumed (or created) after a user gesture on the page. https://developer.chrome.com/blog/autoplay/#web_audio @ http://localhost:5180/node_modules/.vite/deps/tone.js?v=8d4b5fe3:2867
[   65959ms] [WARNING] The AudioContext was not allowed to start. It must be resumed (or created) after a user gesture on the page. https://developer.chrome.com/blog/autoplay/#web_audio @ http://localhost:5180/node_modules/.vite/deps/tone.js?v=8d4b5fe3:2867
[   65959ms] [WARNING] The AudioContext was not allowed to start. It must be resumed (or created) after a user gesture on the page. https://developer.chrome.com/blog/autoplay/#web_audio @ http://localhost:5180/node_modules/.vite/deps/tone.js?v=8d4b5fe3:2867
[   65959ms] [WARNING] The AudioContext was not allowed to start. It must be resumed (or created) after a user gesture on the page. https://developer.chrome.com/blog/autoplay/#web_audio @ http://localhost:5180/node_modules/.vite/deps/tone.js?v=8d4b5fe3:2867
[   65959ms] [WARNING] The AudioContext was not allowed to start. It must be resumed (or created) after a user gesture on the page. https://developer.chrome.com/blog/autoplay/#web_audio @ http://localhost:5180/node_modules/.vite/deps/tone.js?v=8d4b5fe3:2867
[   65959ms] [WARNING] The AudioContext was not allowed to start. It must be resumed (or created) after a user gesture on the page. https://developer.chrome.com/blog/autoplay/#web_audio @ http://localhost:5180/node_modules/.vite/deps/tone.js?v=8d4b5fe3:2867
[   65960ms] [WARNING] The AudioContext was not allowed to start. It must be resumed (or created) after a user gesture on the page. https://developer.chrome.com/blog/autoplay/#web_audio @ http://localhost:5180/node_modules/.vite/deps/tone.js?v=8d4b5fe3:2867
[   65960ms] [WARNING] The AudioContext was not allowed to start. It must be resumed (or created) after a user gesture on the page. https://developer.chrome.com/blog/autoplay/#web_audio @ http://localhost:5180/node_modules/.vite/deps/tone.js?v=8d4b5fe3:2867
[   65960ms] [WARNING] The AudioContext was not allowed to start. It must be resumed (or created) after a user gesture on the page. https://developer.chrome.com/blog/autoplay/#web_audio @ http://localhost:5180/node_modules/.vite/deps/tone.js?v=8d4b5fe3:2867
[   65960ms] [WARNING] The AudioContext was not allowed to start. It must be resumed (or created) after a user gesture on the page. https://developer.chrome.com/blog/autoplay/#web_audio @ http://localhost:5180/node_modules/.vite/deps/tone.js?v=8d4b5fe3:2867
[   65961ms] [WARNING] The AudioContext was not allowed to start. It must be resumed (or created) after a user gesture on the page. https://developer.chrome.com/blog/autoplay/#web_audio @ http://localhost:5180/node_modules/.vite/deps/tone.js?v=8d4b5fe3:2867
[   65961ms] [WARNING] The AudioContext was not allowed to start. It must be resumed (or created) after a user gesture on the page. https://developer.chrome.com/blog/autoplay/#web_audio @ http://localhost:5180/node_modules/.vite/deps/tone.js?v=8d4b5fe3:2867
[   65961ms] [WARNING] The AudioContext was not allowed to start. It must be resumed (or created) after a user gesture on the page. https://developer.chrome.com/blog/autoplay/#web_audio @ http://localhost:5180/node_modules/.vite/deps/tone.js?v=8d4b5fe3:2867
[   65961ms] [WARNING] The AudioContext was not allowed to start. It must be resumed (or created) after a user gesture on the page. https://developer.chrome.com/blog/autoplay/#web_audio @ http://localhost:5180/node_modules/.vite/deps/tone.js?v=8d4b5fe3:2867
[   65961ms] [WARNING] The AudioContext was not allowed to start. It must be resumed (or created) after a user gesture on the page. https://developer.chrome.com/blog/autoplay/#web_audio @ http://localhost:5180/node_modules/.vite/deps/tone.js?v=8d4b5fe3:2867
[   65962ms] [WARNING] The AudioContext was not allowed to start. It must be resumed (or created) after a user gesture on the page. https://developer.chrome.com/blog/autoplay/#web_audio @ http://localhost:5180/node_modules/.vite/deps/tone.js?v=8d4b5fe3:2867
[   65962ms] [WARNING] The AudioContext was not allowed to start. It must be resumed (or created) after a user gesture on the page. https://developer.chrome.com/blog/autoplay/#web_audio @ http://localhost:5180/node_modules/.vite/deps/tone.js?v=8d4b5fe3:2867
[   65962ms] [WARNING] The AudioContext was not allowed to start. It must be resumed (or created) after a user gesture on the page. https://developer.chrome.com/blog/autoplay/#web_audio @ http://localhost:5180/node_modules/.vite/deps/tone.js?v=8d4b5fe3:2867
[   65962ms] [WARNING] The AudioContext was not allowed to start. It must be resumed (or created) after a user gesture on the page. https://developer.chrome.com/blog/autoplay/#web_audio @ http://localhost:5180/node_modules/.vite/deps/tone.js?v=8d4b5fe3:2867
[   65962ms] [WARNING] The AudioContext was not allowed to start. It must be resumed (or created) after a user gesture on the page. https://developer.chrome.com/blog/autoplay/#web_audio @ http://localhost:5180/node_modules/.vite/deps/tone.js?v=8d4b5fe3:2867
[   65962ms] [WARNING] The AudioContext was not allowed to start. It must be resumed (or created) after a user gesture on the page. https://developer.chrome.com/blog/autoplay/#web_audio @ http://localhost:5180/node_modules/.vite/deps/tone.js?v=8d4b5fe3:2867
[   65962ms] [WARNING] The AudioContext was not allowed to start. It must be resumed (or created) after a user gesture on the page. https://developer.chrome.com/blog/autoplay/#web_audio @ http://localhost:5180/node_modules/.vite/deps/tone.js?v=8d4b5fe3:2867
[   65963ms] [WARNING] The AudioContext was not allowed to start. It must be resumed (or created) after a user gesture on the page. https://developer.chrome.com/blog/autoplay/#web_audio @ http://localhost:5180/node_modules/.vite/deps/tone.js?v=8d4b5fe3:2867
[   65963ms] [WARNING] The AudioContext was not allowed to start. It must be resumed (or created) after a user gesture on the page. https://developer.chrome.com/blog/autoplay/#web_audio @ http://localhost:5180/node_modules/.vite/deps/tone.js?v=8d4b5fe3:2867
[   65963ms] [WARNING] The AudioContext was not allowed to start. It must be resumed (or created) after a user gesture on the page. https://developer.chrome.com/blog/autoplay/#web_audio @ http://localhost:5180/node_modules/.vite/deps/tone.js?v=8d4b5fe3:2867
[   65963ms] [WARNING] The AudioContext was not allowed to start. It must be resumed (or created) after a user gesture on the page. https://developer.chrome.com/blog/autoplay/#web_audio @ http://localhost:5180/node_modules/.vite/deps/tone.js?v=8d4b5fe3:2867
[   65963ms] [WARNING] The AudioContext was not allowed to start. It must be resumed (or created) after a user gesture on the page. https://developer.chrome.com/blog/autoplay/#web_audio @ http://localhost:5180/node_modules/.vite/deps/tone.js?v=8d4b5fe3:2867
[   65964ms] [WARNING] The AudioContext was not allowed to start. It must be resumed (or created) after a user gesture on the page. https://developer.chrome.com/blog/autoplay/#web_audio @ http://localhost:5180/node_modules/.vite/deps/tone.js?v=8d4b5fe3:2867
[   65964ms] [WARNING] The AudioContext was not allowed to start. It must be resumed (or created) after a user gesture on the page. https://developer.chrome.com/blog/autoplay/#web_audio @ http://localhost:5180/node_modules/.vite/deps/tone.js?v=8d4b5fe3:2867
[   65964ms] [WARNING] The AudioContext was not allowed to start. It must be resumed (or created) after a user gesture on the page. https://developer.chrome.com/blog/autoplay/#web_audio @ http://localhost:5180/node_modules/.vite/deps/tone.js?v=8d4b5fe3:2867
[   65964ms] [WARNING] The AudioContext was not allowed to start. It must be resumed (or created) after a user gesture on the page. https://developer.chrome.com/blog/autoplay/#web_audio @ http://localhost:5180/node_modules/.vite/deps/tone.js?v=8d4b5fe3:2867
[   65964ms] [WARNING] The AudioContext was not allowed to start. It must be resumed (or created) after a user gesture on the page. https://developer.chrome.com/blog/autoplay/#web_audio @ http://localhost:5180/node_modules/.vite/deps/tone.js?v=8d4b5fe3:2867
[   65964ms] [WARNING] The AudioContext was not allowed to start. It must be resumed (or created) after a user gesture on the page. https://developer.chrome.com/blog/autoplay/#web_audio @ http://localhost:5180/node_modules/.vite/deps/tone.js?v=8d4b5fe3:2867
[   65965ms] [WARNING] The AudioContext was not allowed to start. It must be resumed (or created) after a user gesture on the page. https://developer.chrome.com/blog/autoplay/#web_audio @ http://localhost:5180/node_modules/.vite/deps/tone.js?v=8d4b5fe3:2867
[   65965ms] [WARNING] The AudioContext was not allowed to start. It must be resumed (or created) after a user gesture on the page. https://developer.chrome.com/blog/autoplay/#web_audio @ http://localhost:5180/node_modules/.vite/deps/tone.js?v=8d4b5fe3:2867
[   65965ms] [WARNING] The AudioContext was not allowed to start. It must be resumed (or created) after a user gesture on the page. https://developer.chrome.com/blog/autoplay/#web_audio @ http://localhost:5180/node_modules/.vite/deps/tone.js?v=8d4b5fe3:2867
[   65965ms] [WARNING] The AudioContext was not allowed to start. It must be resumed (or created) after a user gesture on the page. https://developer.chrome.com/blog/autoplay/#web_audio @ http://localhost:5180/node_modules/.vite/deps/tone.js?v=8d4b5fe3:2867
[   65965ms] [WARNING] The AudioContext was not allowed to start. It must be resumed (or created) after a user gesture on the page. https://developer.chrome.com/blog/autoplay/#web_audio @ http://localhost:5180/node_modules/.vite/deps/tone.js?v=8d4b5fe3:2867
[   65965ms] [WARNING] The AudioContext was not allowed to start. It must be resumed (or created) after a user gesture on the page. https://developer.chrome.com/blog/autoplay/#web_audio @ http://localhost:5180/node_modules/.vite/deps/tone.js?v=8d4b5fe3:2867
[   65966ms] [WARNING] The AudioContext was not allowed to start. It must be resumed (or created) after a user gesture on the page. https://developer.chrome.com/blog/autoplay/#web_audio @ http://localhost:5180/node_modules/.vite/deps/tone.js?v=8d4b5fe3:2867
[   65966ms] [WARNING] The AudioContext was not allowed to start. It must be resumed (or created) after a user gesture on the page. https://developer.chrome.com/blog/autoplay/#web_audio @ http://localhost:5180/node_modules/.vite/deps/tone.js?v=8d4b5fe3:2867
[   65966ms] [WARNING] The AudioContext was not allowed to start. It must be resumed (or created) after a user gesture on the page. https://developer.chrome.com/blog/autoplay/#web_audio @ http://localhost:5180/node_modules/.vite/deps/tone.js?v=8d4b5fe3:2867
[   65966ms] [WARNING] The AudioContext was not allowed to start. It must be resumed (or created) after a user gesture on the page. https://developer.chrome.com/blog/autoplay/#web_audio @ http://localhost:5180/node_modules/.vite/deps/tone.js?v=8d4b5fe3:2867
[   65966ms] [WARNING] The AudioContext was not allowed to start. It must be resumed (or created) after a user gesture on the page. https://developer.chrome.com/blog/autoplay/#web_audio @ http://localhost:5180/node_modules/.vite/deps/tone.js?v=8d4b5fe3:2867
[   65966ms] [WARNING] The AudioContext was not allowed to start. It must be resumed (or created) after a user gesture on the page. https://developer.chrome.com/blog/autoplay/#web_audio @ http://localhost:5180/node_modules/.vite/deps/tone.js?v=8d4b5fe3:2867
[   65966ms] [WARNING] The AudioContext was not allowed to start. It must be resumed (or created) after a user gesture on the page. https://developer.chrome.com/blog/autoplay/#web_audio @ http://localhost:5180/node_modules/.vite/deps/tone.js?v=8d4b5fe3:2867
[   65967ms] [WARNING] The AudioContext was not allowed to start. It must be resumed (or created) after a user gesture on the page. https://developer.chrome.com/blog/autoplay/#web_audio @ http://localhost:5180/node_modules/.vite/deps/tone.js?v=8d4b5fe3:2867
[   65967ms] [WARNING] The AudioContext was not allowed to start. It must be resumed (or created) after a user gesture on the page. https://developer.chrome.com/blog/autoplay/#web_audio @ http://localhost:5180/node_modules/.vite/deps/tone.js?v=8d4b5fe3:2867
[   65967ms] [WARNING] The AudioContext was not allowed to start. It must be resumed (or created) after a user gesture on the page. https://developer.chrome.com/blog/autoplay/#web_audio @ http://localhost:5180/node_modules/.vite/deps/tone.js?v=8d4b5fe3:2867
[   65967ms] [WARNING] The AudioContext was not allowed to start. It must be resumed (or created) after a user gesture on the page. https://developer.chrome.com/blog/autoplay/#web_audio @ http://localhost:5180/node_modules/.vite/deps/tone.js?v=8d4b5fe3:2867
[ 3335517ms] [LOG] %c * Tone.js v15.1.22 *  background: #000; color: #fff @ http://localhost:5180/node_modules/.vite/deps/tone.js?v=8d4b5fe3:9690
[ 3335551ms] [WARNING] The AudioContext was not allowed to start. It must be resumed (or created) after a user gesture on the page. https://developer.chrome.com/blog/autoplay/#web_audio @ http://localhost:5180/node_modules/.vite/deps/tone.js?v=8d4b5fe3:7610
[ 3335552ms] [WARNING] The AudioContext was not allowed to start. It must be resumed (or created) after a user gesture on the page. https://developer.chrome.com/blog/autoplay/#web_audio @ http://localhost:5180/node_modules/.vite/deps/tone.js?v=8d4b5fe3:2867
[ 3335554ms] [WARNING] The AudioContext was not allowed to start. It must be resumed (or created) after a user gesture on the page. https://developer.chrome.com/blog/autoplay/#web_audio @ http://localhost:5180/node_modules/.vite/deps/tone.js?v=8d4b5fe3:2867
[ 3335554ms] [WARNING] The AudioContext was not allowed to start. It must be resumed (or created) after a user gesture on the page. https://developer.chrome.com/blog/autoplay/#web_audio @ http://localhost:5180/node_modules/.vite/deps/tone.js?v=8d4b5fe3:7572
[ 3335554ms] [WARNING] The AudioContext was not allowed to start. It must be resumed (or created) after a user gesture on the page. https://developer.chrome.com/blog/autoplay/#web_audio @ http://localhost:5180/node_modules/.vite/deps/tone.js?v=8d4b5fe3:7574
[ 3335554ms] [WARNING] The AudioContext was not allowed to start. It must be resumed (or created) after a user gesture on the page. https://developer.chrome.com/blog/autoplay/#web_audio @ http://localhost:5180/node_modules/.vite/deps/tone.js?v=8d4b5fe3:7587
[ 3335554ms] [WARNING] The AudioContext was not allowed to start. It must be resumed (or created) after a user gesture on the page. https://developer.chrome.com/blog/autoplay/#web_audio @ http://localhost:5180/node_modules/.vite/deps/tone.js?v=8d4b5fe3:7597
[ 3335554ms] [WARNING] The AudioContext was not allowed to start. It must be resumed (or created) after a user gesture on the page. https://developer.chrome.com/blog/autoplay/#web_audio @ http://localhost:5180/node_modules/.vite/deps/tone.js?v=8d4b5fe3:7622
[ 3335554ms] [WARNING] The AudioContext was not allowed to start. It must be resumed (or created) after a user gesture on the page. https://developer.chrome.com/blog/autoplay/#web_audio @ http://localhost:5180/node_modules/.vite/deps/tone.js?v=8d4b5fe3:883
[ 3335555ms] [WARNING] The AudioContext was not allowed to start. It must be resumed (or created) after a user gesture on the page. https://developer.chrome.com/blog/autoplay/#web_audio @ http://localhost:5180/node_modules/.vite/deps/tone.js?v=8d4b5fe3:2825
[ 3335556ms] [WARNING] The AudioContext was not allowed to start. It must be resumed (or created) after a user gesture on the page. https://developer.chrome.com/blog/autoplay/#web_audio @ http://localhost:5180/node_modules/.vite/deps/tone.js?v=8d4b5fe3:2867
[ 3335557ms] [WARNING] The AudioContext was not allowed to start. It must be resumed (or created) after a user gesture on the page. https://developer.chrome.com/blog/autoplay/#web_audio @ http://localhost:5180/node_modules/.vite/deps/tone.js?v=8d4b5fe3:2867
[ 3335557ms] [WARNING] The AudioContext was not allowed to start. It must be resumed (or created) after a user gesture on the page. https://developer.chrome.com/blog/autoplay/#web_audio @ http://localhost:5180/node_modules/.vite/deps/tone.js?v=8d4b5fe3:2867
[ 3335557ms] [WARNING] The AudioContext was not allowed to start. It must be resumed (or created) after a user gesture on the page. https://developer.chrome.com/blog/autoplay/#web_audio @ http://localhost:5180/node_modules/.vite/deps/tone.js?v=8d4b5fe3:2867
[ 3335559ms] [WARNING] The AudioContext was not allowed to start. It must be resumed (or created) after a user gesture on the page. https://developer.chrome.com/blog/autoplay/#web_audio @ http://localhost:5180/node_modules/.vite/deps/tone.js?v=8d4b5fe3:2867
[ 3335559ms] [WARNING] The AudioContext was not allowed to start. It must be resumed (or created) after a user gesture on the page. https://developer.chrome.com/blog/autoplay/#web_audio @ http://localhost:5180/node_modules/.vite/deps/tone.js?v=8d4b5fe3:2867
[ 3335559ms] [WARNING] The AudioContext was not allowed to start. It must be resumed (or created) after a user gesture on the page. https://developer.chrome.com/blog/autoplay/#web_audio @ http://localhost:5180/node_modules/.vite/deps/tone.js?v=8d4b5fe3:2867
[ 3335559ms] [WARNING] The AudioContext was not allowed to start. It must be resumed (or created) after a user gesture on the page. https://developer.chrome.com/blog/autoplay/#web_audio @ http://localhost:5180/node_modules/.vite/deps/tone.js?v=8d4b5fe3:2867
[ 3335560ms] [WARNING] The AudioContext was not allowed to start. It must be resumed (or created) after a user gesture on the page. https://developer.chrome.com/blog/autoplay/#web_audio @ http://localhost:5180/node_modules/.vite/deps/tone.js?v=8d4b5fe3:2867
[ 3335560ms] [WARNING] The AudioContext was not allowed to start. It must be resumed (or created) after a user gesture on the page. https://developer.chrome.com/blog/autoplay/#web_audio @ http://localhost:5180/node_modules/.vite/deps/tone.js?v=8d4b5fe3:2867
[ 3335561ms] [WARNING] The AudioContext was not allowed to start. It must be resumed (or created) after a user gesture on the page. https://developer.chrome.com/blog/autoplay/#web_audio @ http://localhost:5180/node_modules/.vite/deps/tone.js?v=8d4b5fe3:2867
[ 3335561ms] [WARNING] The AudioContext was not allowed to start. It must be resumed (or created) after a user gesture on the page. https://developer.chrome.com/blog/autoplay/#web_audio @ http://localhost:5180/node_modules/.vite/deps/tone.js?v=8d4b5fe3:2867
[ 3335561ms] [WARNING] The AudioContext was not allowed to start. It must be resumed (or created) after a user gesture on the page. https://developer.chrome.com/blog/autoplay/#web_audio @ http://localhost:5180/node_modules/.vite/deps/tone.js?v=8d4b5fe3:2867
[ 3335561ms] [WARNING] The AudioContext was not allowed to start. It must be resumed (or created) after a user gesture on the page. https://developer.chrome.com/blog/autoplay/#web_audio @ http://localhost:5180/node_modules/.vite/deps/tone.js?v=8d4b5fe3:2867
[ 3335561ms] [WARNING] The AudioContext was not allowed to start. It must be resumed (or created) after a user gesture on the page. https://developer.chrome.com/blog/autoplay/#web_audio @ http://localhost:5180/node_modules/.vite/deps/tone.js?v=8d4b5fe3:2867
[ 3335562ms] [WARNING] The AudioContext was not allowed to start. It must be resumed (or created) after a user gesture on the page. https://developer.chrome.com/blog/autoplay/#web_audio @ http://localhost:5180/node_modules/.vite/deps/tone.js?v=8d4b5fe3:2867
[ 3335562ms] [WARNING] The AudioContext was not allowed to start. It must be resumed (or created) after a user gesture on the page. https://developer.chrome.com/blog/autoplay/#web_audio @ http://localhost:5180/node_modules/.vite/deps/tone.js?v=8d4b5fe3:2867
[ 3335562ms] [WARNING] The AudioContext was not allowed to start. It must be resumed (or created) after a user gesture on the page. https://developer.chrome.com/blog/autoplay/#web_audio @ http://localhost:5180/node_modules/.vite/deps/tone.js?v=8d4b5fe3:2867
[ 3335562ms] [WARNING] The AudioContext was not allowed to start. It must be resumed (or created) after a user gesture on the page. https://developer.chrome.com/blog/autoplay/#web_audio @ http://localhost:5180/node_modules/.vite/deps/tone.js?v=8d4b5fe3:2867
[ 3335562ms] [WARNING] The AudioContext was not allowed to start. It must be resumed (or created) after a user gesture on the page. https://developer.chrome.com/blog/autoplay/#web_audio @ http://localhost:5180/node_modules/.vite/deps/tone.js?v=8d4b5fe3:2867
[ 3335563ms] [WARNING] The AudioContext was not allowed to start. It must be resumed (or created) after a user gesture on the page. https://developer.chrome.com/blog/autoplay/#web_audio @ http://localhost:5180/node_modules/.vite/deps/tone.js?v=8d4b5fe3:2867
[ 3335563ms] [WARNING] The AudioContext was not allowed to start. It must be resumed (or created) after a user gesture on the page. https://developer.chrome.com/blog/autoplay/#web_audio @ http://localhost:5180/node_modules/.vite/deps/tone.js?v=8d4b5fe3:2867
[ 3335563ms] [WARNING] The AudioContext was not allowed to start. It must be resumed (or created) after a user gesture on the page. https://developer.chrome.com/blog/autoplay/#web_audio @ http://localhost:5180/node_modules/.vite/deps/tone.js?v=8d4b5fe3:2867
[ 3335563ms] [WARNING] The AudioContext was not allowed to start. It must be resumed (or created) after a user gesture on the page. https://developer.chrome.com/blog/autoplay/#web_audio @ http://localhost:5180/node_modules/.vite/deps/tone.js?v=8d4b5fe3:2867
[ 3335564ms] [WARNING] The AudioContext was not allowed to start. It must be resumed (or created) after a user gesture on the page. https://developer.chrome.com/blog/autoplay/#web_audio @ http://localhost:5180/node_modules/.vite/deps/tone.js?v=8d4b5fe3:2867
[ 3335564ms] [WARNING] The AudioContext was not allowed to start. It must be resumed (or created) after a user gesture on the page. https://developer.chrome.com/blog/autoplay/#web_audio @ http://localhost:5180/node_modules/.vite/deps/tone.js?v=8d4b5fe3:2867
[ 3335564ms] [WARNING] The AudioContext was not allowed to start. It must be resumed (or created) after a user gesture on the page. https://developer.chrome.com/blog/autoplay/#web_audio @ http://localhost:5180/node_modules/.vite/deps/tone.js?v=8d4b5fe3:2867
[ 3335564ms] [WARNING] The AudioContext was not allowed to start. It must be resumed (or created) after a user gesture on the page. https://developer.chrome.com/blog/autoplay/#web_audio @ http://localhost:5180/node_modules/.vite/deps/tone.js?v=8d4b5fe3:2867
[ 3335564ms] [WARNING] The AudioContext was not allowed to start. It must be resumed (or created) after a user gesture on the page. https://developer.chrome.com/blog/autoplay/#web_audio @ http://localhost:5180/node_modules/.vite/deps/tone.js?v=8d4b5fe3:2867
[ 3335564ms] [WARNING] The AudioContext was not allowed to start. It must be resumed (or created) after a user gesture on the page. https://developer.chrome.com/blog/autoplay/#web_audio @ http://localhost:5180/node_modules/.vite/deps/tone.js?v=8d4b5fe3:2867
[ 3335564ms] [WARNING] The AudioContext was not allowed to start. It must be resumed (or created) after a user gesture on the page. https://developer.chrome.com/blog/autoplay/#web_audio @ http://localhost:5180/node_modules/.vite/deps/tone.js?v=8d4b5fe3:2867
[ 3335565ms] [WARNING] The AudioContext was not allowed to start. It must be resumed (or created) after a user gesture on the page. https://developer.chrome.com/blog/autoplay/#web_audio @ http://localhost:5180/node_modules/.vite/deps/tone.js?v=8d4b5fe3:2867
[ 3335565ms] [WARNING] The AudioContext was not allowed to start. It must be resumed (or created) after a user gesture on the page. https://developer.chrome.com/blog/autoplay/#web_audio @ http://localhost:5180/node_modules/.vite/deps/tone.js?v=8d4b5fe3:2867
[ 3335565ms] [WARNING] The AudioContext was not allowed to start. It must be resumed (or created) after a user gesture on the page. https://developer.chrome.com/blog/autoplay/#web_audio @ http://localhost:5180/node_modules/.vite/deps/tone.js?v=8d4b5fe3:2867
[ 3335565ms] [WARNING] The AudioContext was not allowed to start. It must be resumed (or created) after a user gesture on the page. https://developer.chrome.com/blog/autoplay/#web_audio @ http://localhost:5180/node_modules/.vite/deps/tone.js?v=8d4b5fe3:2867
[ 3335565ms] [WARNING] The AudioContext was not allowed to start. It must be resumed (or created) after a user gesture on the page. https://developer.chrome.com/blog/autoplay/#web_audio @ http://localhost:5180/node_modules/.vite/deps/tone.js?v=8d4b5fe3:2867
[ 3335566ms] [WARNING] The AudioContext was not allowed to start. It must be resumed (or created) after a user gesture on the page. https://developer.chrome.com/blog/autoplay/#web_audio @ http://localhost:5180/node_modules/.vite/deps/tone.js?v=8d4b5fe3:2867
[ 3335566ms] [WARNING] The AudioContext was not allowed to start. It must be resumed (or created) after a user gesture on the page. https://developer.chrome.com/blog/autoplay/#web_audio @ http://localhost:5180/node_modules/.vite/deps/tone.js?v=8d4b5fe3:2867
[ 3335566ms] [WARNING] The AudioContext was not allowed to start. It must be resumed (or created) after a user gesture on the page. https://developer.chrome.com/blog/autoplay/#web_audio @ http://localhost:5180/node_modules/.vite/deps/tone.js?v=8d4b5fe3:2867
[ 3335567ms] [WARNING] The AudioContext was not allowed to start. It must be resumed (or created) after a user gesture on the page. https://developer.chrome.com/blog/autoplay/#web_audio @ http://localhost:5180/node_modules/.vite/deps/tone.js?v=8d4b5fe3:2867
[ 3335567ms] [WARNING] The AudioContext was not allowed to start. It must be resumed (or created) after a user gesture on the page. https://developer.chrome.com/blog/autoplay/#web_audio @ http://localhost:5180/node_modules/.vite/deps/tone.js?v=8d4b5fe3:2867
[ 3335567ms] [WARNING] The AudioContext was not allowed to start. It must be resumed (or created) after a user gesture on the page. https://developer.chrome.com/blog/autoplay/#web_audio @ http://localhost:5180/node_modules/.vite/deps/tone.js?v=8d4b5fe3:2867
[ 3335568ms] [WARNING] The AudioContext was not allowed to start. It must be resumed (or created) after a user gesture on the page. https://developer.chrome.com/blog/autoplay/#web_audio @ http://localhost:5180/node_modules/.vite/deps/tone.js?v=8d4b5fe3:2867
[ 3335568ms] [WARNING] The AudioContext was not allowed to start. It must be resumed (or created) after a user gesture on the page. https://developer.chrome.com/blog/autoplay/#web_audio @ http://localhost:5180/node_modules/.vite/deps/tone.js?v=8d4b5fe3:2867
[ 3335568ms] [WARNING] The AudioContext was not allowed to start. It must be resumed (or created) after a user gesture on the page. https://developer.chrome.com/blog/autoplay/#web_audio @ http://localhost:5180/node_modules/.vite/deps/tone.js?v=8d4b5fe3:2867
[ 3335568ms] [WARNING] The AudioContext was not allowed to start. It must be resumed (or created) after a user gesture on the page. https://developer.chrome.com/blog/autoplay/#web_audio @ http://localhost:5180/node_modules/.vite/deps/tone.js?v=8d4b5fe3:2867
[ 3335568ms] [WARNING] The AudioContext was not allowed to start. It must be resumed (or created) after a user gesture on the page. https://developer.chrome.com/blog/autoplay/#web_audio @ http://localhost:5180/node_modules/.vite/deps/tone.js?v=8d4b5fe3:2867
[ 3335569ms] [WARNING] The AudioContext was not allowed to start. It must be resumed (or created) after a user gesture on the page. https://developer.chrome.com/blog/autoplay/#web_audio @ http://localhost:5180/node_modules/.vite/deps/tone.js?v=8d4b5fe3:2867
[ 3335569ms] [WARNING] The AudioContext was not allowed to start. It must be resumed (or created) after a user gesture on the page. https://developer.chrome.com/blog/autoplay/#web_audio @ http://localhost:5180/node_modules/.vite/deps/tone.js?v=8d4b5fe3:2867
[ 3335569ms] [WARNING] The AudioContext was not allowed to start. It must be resumed (or created) after a user gesture on the page. https://developer.chrome.com/blog/autoplay/#web_audio @ http://localhost:5180/node_modules/.vite/deps/tone.js?v=8d4b5fe3:2867
[ 3335569ms] [WARNING] The AudioContext was not allowed to start. It must be resumed (or created) after a user gesture on the page. https://developer.chrome.com/blog/autoplay/#web_audio @ http://localhost:5180/node_modules/.vite/deps/tone.js?v=8d4b5fe3:2867
[ 3335569ms] [WARNING] The AudioContext was not allowed to start. It must be resumed (or created) after a user gesture on the page. https://developer.chrome.com/blog/autoplay/#web_audio @ http://localhost:5180/node_modules/.vite/deps/tone.js?v=8d4b5fe3:2867
[ 3335569ms] [WARNING] The AudioContext was not allowed to start. It must be resumed (or created) after a user gesture on the page. https://developer.chrome.com/blog/autoplay/#web_audio @ http://localhost:5180/node_modules/.vite/deps/tone.js?v=8d4b5fe3:2867
[ 3335569ms] [WARNING] The AudioContext was not allowed to start. It must be resumed (or created) after a user gesture on the page. https://developer.chrome.com/blog/autoplay/#web_audio @ http://localhost:5180/node_modules/.vite/deps/tone.js?v=8d4b5fe3:2867
[ 3335570ms] [WARNING] The AudioContext was not allowed to start. It must be resumed (or created) after a user gesture on the page. https://developer.chrome.com/blog/autoplay/#web_audio @ http://localhost:5180/node_modules/.vite/deps/tone.js?v=8d4b5fe3:2867
[ 3335570ms] [WARNING] The AudioContext was not allowed to start. It must be resumed (or created) after a user gesture on the page. https://developer.chrome.com/blog/autoplay/#web_audio @ http://localhost:5180/node_modules/.vite/deps/tone.js?v=8d4b5fe3:2867
[ 3335570ms] [WARNING] The AudioContext was not allowed to start. It must be resumed (or created) after a user gesture on the page. https://developer.chrome.com/blog/autoplay/#web_audio @ http://localhost:5180/node_modules/.vite/deps/tone.js?v=8d4b5fe3:2867
[ 3335570ms] [WARNING] The AudioContext was not allowed to start. It must be resumed (or created) after a user gesture on the page. https://developer.chrome.com/blog/autoplay/#web_audio @ http://localhost:5180/node_modules/.vite/deps/tone.js?v=8d4b5fe3:2867
[ 3335570ms] [WARNING] The AudioContext was not allowed to start. It must be resumed (or created) after a user gesture on the page. https://developer.chrome.com/blog/autoplay/#web_audio @ http://localhost:5180/node_modules/.vite/deps/tone.js?v=8d4b5fe3:2867
[ 3335570ms] [WARNING] The AudioContext was not allowed to start. It must be resumed (or created) after a user gesture on the page. https://developer.chrome.com/blog/autoplay/#web_audio @ http://localhost:5180/node_modules/.vite/deps/tone.js?v=8d4b5fe3:2867
[ 3335571ms] [WARNING] The AudioContext was not allowed to start. It must be resumed (or created) after a user gesture on the page. https://developer.chrome.com/blog/autoplay/#web_audio @ http://localhost:5180/node_modules/.vite/deps/tone.js?v=8d4b5fe3:2867
[ 3335571ms] [WARNING] The AudioContext was not allowed to start. It must be resumed (or created) after a user gesture on the page. https://developer.chrome.com/blog/autoplay/#web_audio @ http://localhost:5180/node_modules/.vite/deps/tone.js?v=8d4b5fe3:2867
[ 3335571ms] [WARNING] The AudioContext was not allowed to start. It must be resumed (or created) after a user gesture on the page. https://developer.chrome.com/blog/autoplay/#web_audio @ http://localhost:5180/node_modules/.vite/deps/tone.js?v=8d4b5fe3:2867
[ 3335571ms] [WARNING] The AudioContext was not allowed to start. It must be resumed (or created) after a user gesture on the page. https://developer.chrome.com/blog/autoplay/#web_audio @ http://localhost:5180/node_modules/.vite/deps/tone.js?v=8d4b5fe3:2867
[ 3335572ms] [WARNING] The AudioContext was not allowed to start. It must be resumed (or created) after a user gesture on the page. https://developer.chrome.com/blog/autoplay/#web_audio @ http://localhost:5180/node_modules/.vite/deps/tone.js?v=8d4b5fe3:2867
[ 3335572ms] [WARNING] The AudioContext was not allowed to start. It must be resumed (or created) after a user gesture on the page. https://developer.chrome.com/blog/autoplay/#web_audio @ http://localhost:5180/node_modules/.vite/deps/tone.js?v=8d4b5fe3:2867
[ 3353970ms] [LOG] %c * Tone.js v15.1.22 *  background: #000; color: #fff @ http://localhost:5180/node_modules/.vite/deps/tone.js?v=8d4b5fe3:9690
[ 3354001ms] [WARNING] The AudioContext was not allowed to start. It must be resumed (or created) after a user gesture on the page. https://developer.chrome.com/blog/autoplay/#web_audio @ http://localhost:5180/node_modules/.vite/deps/tone.js?v=8d4b5fe3:7610
[ 3354001ms] [WARNING] The AudioContext was not allowed to start. It must be resumed (or created) after a user gesture on the page. https://developer.chrome.com/blog/autoplay/#web_audio @ http://localhost:5180/node_modules/.vite/deps/tone.js?v=8d4b5fe3:2867
[ 3354003ms] [WARNING] The AudioContext was not allowed to start. It must be resumed (or created) after a user gesture on the page. https://developer.chrome.com/blog/autoplay/#web_audio @ http://localhost:5180/node_modules/.vite/deps/tone.js?v=8d4b5fe3:2867
[ 3354003ms] [WARNING] The AudioContext was not allowed to start. It must be resumed (or created) after a user gesture on the page. https://developer.chrome.com/blog/autoplay/#web_audio @ http://localhost:5180/node_modules/.vite/deps/tone.js?v=8d4b5fe3:7572
[ 3354003ms] [WARNING] The AudioContext was not allowed to start. It must be resumed (or created) after a user gesture on the page. https://developer.chrome.com/blog/autoplay/#web_audio @ http://localhost:5180/node_modules/.vite/deps/tone.js?v=8d4b5fe3:7574
[ 3354003ms] [WARNING] The AudioContext was not allowed to start. It must be resumed (or created) after a user gesture on the page. https://developer.chrome.com/blog/autoplay/#web_audio @ http://localhost:5180/node_modules/.vite/deps/tone.js?v=8d4b5fe3:7587
[ 3354003ms] [WARNING] The AudioContext was not allowed to start. It must be resumed (or created) after a user gesture on the page. https://developer.chrome.com/blog/autoplay/#web_audio @ http://localhost:5180/node_modules/.vite/deps/tone.js?v=8d4b5fe3:7597
[ 3354003ms] [WARNING] The AudioContext was not allowed to start. It must be resumed (or created) after a user gesture on the page. https://developer.chrome.com/blog/autoplay/#web_audio @ http://localhost:5180/node_modules/.vite/deps/tone.js?v=8d4b5fe3:7622
[ 3354003ms] [WARNING] The AudioContext was not allowed to start. It must be resumed (or created) after a user gesture on the page. https://developer.chrome.com/blog/autoplay/#web_audio @ http://localhost:5180/node_modules/.vite/deps/tone.js?v=8d4b5fe3:883
[ 3354003ms] [WARNING] The AudioContext was not allowed to start. It must be resumed (or created) after a user gesture on the page. https://developer.chrome.com/blog/autoplay/#web_audio @ http://localhost:5180/node_modules/.vite/deps/tone.js?v=8d4b5fe3:2825
[ 3354004ms] [WARNING] The AudioContext was not allowed to start. It must be resumed (or created) after a user gesture on the page. https://developer.chrome.com/blog/autoplay/#web_audio @ http://localhost:5180/node_modules/.vite/deps/tone.js?v=8d4b5fe3:2867
[ 3354004ms] [WARNING] The AudioContext was not allowed to start. It must be resumed (or created) after a user gesture on the page. https://developer.chrome.com/blog/autoplay/#web_audio @ http://localhost:5180/node_modules/.vite/deps/tone.js?v=8d4b5fe3:2867
[ 3354004ms] [WARNING] The AudioContext was not allowed to start. It must be resumed (or created) after a user gesture on the page. https://developer.chrome.com/blog/autoplay/#web_audio @ http://localhost:5180/node_modules/.vite/deps/tone.js?v=8d4b5fe3:2867
[ 3354004ms] [WARNING] The AudioContext was not allowed to start. It must be resumed (or created) after a user gesture on the page. https://developer.chrome.com/blog/autoplay/#web_audio @ http://localhost:5180/node_modules/.vite/deps/tone.js?v=8d4b5fe3:2867
[ 3354005ms] [WARNING] The AudioContext was not allowed to start. It must be resumed (or created) after a user gesture on the page. https://developer.chrome.com/blog/autoplay/#web_audio @ http://localhost:5180/node_modules/.vite/deps/tone.js?v=8d4b5fe3:2867
[ 3354005ms] [WARNING] The AudioContext was not allowed to start. It must be resumed (or created) after a user gesture on the page. https://developer.chrome.com/blog/autoplay/#web_audio @ http://localhost:5180/node_modules/.vite/deps/tone.js?v=8d4b5fe3:2867
[ 3354005ms] [WARNING] The AudioContext was not allowed to start. It must be resumed (or created) after a user gesture on the page. https://developer.chrome.com/blog/autoplay/#web_audio @ http://localhost:5180/node_modules/.vite/deps/tone.js?v=8d4b5fe3:2867
[ 3354005ms] [WARNING] The AudioContext was not allowed to start. It must be resumed (or created) after a user gesture on the page. https://developer.chrome.com/blog/autoplay/#web_audio @ http://localhost:5180/node_modules/.vite/deps/tone.js?v=8d4b5fe3:2867
[ 3354006ms] [WARNING] The AudioContext was not allowed to start. It must be resumed (or created) after a user gesture on the page. https://developer.chrome.com/blog/autoplay/#web_audio @ http://localhost:5180/node_modules/.vite/deps/tone.js?v=8d4b5fe3:2867
[ 3354006ms] [WARNING] The AudioContext was not allowed to start. It must be resumed (or created) after a user gesture on the page. https://developer.chrome.com/blog/autoplay/#web_audio @ http://localhost:5180/node_modules/.vite/deps/tone.js?v=8d4b5fe3:2867
[ 3354006ms] [WARNING] The AudioContext was not allowed to start. It must be resumed (or created) after a user gesture on the page. https://developer.chrome.com/blog/autoplay/#web_audio @ http://localhost:5180/node_modules/.vite/deps/tone.js?v=8d4b5fe3:2867
[ 3354006ms] [WARNING] The AudioContext was not allowed to start. It must be resumed (or created) after a user gesture on the page. https://developer.chrome.com/blog/autoplay/#web_audio @ http://localhost:5180/node_modules/.vite/deps/tone.js?v=8d4b5fe3:2867
[ 3354007ms] [WARNING] The AudioContext was not allowed to start. It must be resumed (or created) after a user gesture on the page. https://developer.chrome.com/blog/autoplay/#web_audio @ http://localhost:5180/node_modules/.vite/deps/tone.js?v=8d4b5fe3:2867
[ 3354007ms] [WARNING] The AudioContext was not allowed to start. It must be resumed (or created) after a user gesture on the page. https://developer.chrome.com/blog/autoplay/#web_audio @ http://localhost:5180/node_modules/.vite/deps/tone.js?v=8d4b5fe3:2867
[ 3354007ms] [WARNING] The AudioContext was not allowed to start. It must be resumed (or created) after a user gesture on the page. https://developer.chrome.com/blog/autoplay/#web_audio @ http://localhost:5180/node_modules/.vite/deps/tone.js?v=8d4b5fe3:2867
[ 3354007ms] [WARNING] The AudioContext was not allowed to start. It must be resumed (or created) after a user gesture on the page. https://developer.chrome.com/blog/autoplay/#web_audio @ http://localhost:5180/node_modules/.vite/deps/tone.js?v=8d4b5fe3:2867
[ 3354007ms] [WARNING] The AudioContext was not allowed to start. It must be resumed (or created) after a user gesture on the page. https://developer.chrome.com/blog/autoplay/#web_audio @ http://localhost:5180/node_modules/.vite/deps/tone.js?v=8d4b5fe3:2867
[ 3354008ms] [WARNING] The AudioContext was not allowed to start. It must be resumed (or created) after a user gesture on the page. https://developer.chrome.com/blog/autoplay/#web_audio @ http://localhost:5180/node_modules/.vite/deps/tone.js?v=8d4b5fe3:2867
[ 3354008ms] [WARNING] The AudioContext was not allowed to start. It must be resumed (or created) after a user gesture on the page. https://developer.chrome.com/blog/autoplay/#web_audio @ http://localhost:5180/node_modules/.vite/deps/tone.js?v=8d4b5fe3:2867
[ 3354008ms] [WARNING] The AudioContext was not allowed to start. It must be resumed (or created) after a user gesture on the page. https://developer.chrome.com/blog/autoplay/#web_audio @ http://localhost:5180/node_modules/.vite/deps/tone.js?v=8d4b5fe3:2867
[ 3354008ms] [WARNING] The AudioContext was not allowed to start. It must be resumed (or created) after a user gesture on the page. https://developer.chrome.com/blog/autoplay/#web_audio @ http://localhost:5180/node_modules/.vite/deps/tone.js?v=8d4b5fe3:2867
[ 3354008ms] [WARNING] The AudioContext was not allowed to start. It must be resumed (or created) after a user gesture on the page. https://developer.chrome.com/blog/autoplay/#web_audio @ http://localhost:5180/node_modules/.vite/deps/tone.js?v=8d4b5fe3:2867
[ 3354008ms] [WARNING] The AudioContext was not allowed to start. It must be resumed (or created) after a user gesture on the page. https://developer.chrome.com/blog/autoplay/#web_audio @ http://localhost:5180/node_modules/.vite/deps/tone.js?v=8d4b5fe3:2867
[ 3354009ms] [WARNING] The AudioContext was not allowed to start. It must be resumed (or created) after a user gesture on the page. https://developer.chrome.com/blog/autoplay/#web_audio @ http://localhost:5180/node_modules/.vite/deps/tone.js?v=8d4b5fe3:2867
[ 3354009ms] [WARNING] The AudioContext was not allowed to start. It must be resumed (or created) after a user gesture on the page. https://developer.chrome.com/blog/autoplay/#web_audio @ http://localhost:5180/node_modules/.vite/deps/tone.js?v=8d4b5fe3:2867
[ 3354009ms] [WARNING] The AudioContext was not allowed to start. It must be resumed (or created) after a user gesture on the page. https://developer.chrome.com/blog/autoplay/#web_audio @ http://localhost:5180/node_modules/.vite/deps/tone.js?v=8d4b5fe3:2867
[ 3354010ms] [WARNING] The AudioContext was not allowed to start. It must be resumed (or created) after a user gesture on the page. https://developer.chrome.com/blog/autoplay/#web_audio @ http://localhost:5180/node_modules/.vite/deps/tone.js?v=8d4b5fe3:2867
[ 3354010ms] [WARNING] The AudioContext was not allowed to start. It must be resumed (or created) after a user gesture on the page. https://developer.chrome.com/blog/autoplay/#web_audio @ http://localhost:5180/node_modules/.vite/deps/tone.js?v=8d4b5fe3:2867
[ 3354010ms] [WARNING] The AudioContext was not allowed to start. It must be resumed (or created) after a user gesture on the page. https://developer.chrome.com/blog/autoplay/#web_audio @ http://localhost:5180/node_modules/.vite/deps/tone.js?v=8d4b5fe3:2867
[ 3354010ms] [WARNING] The AudioContext was not allowed to start. It must be resumed (or created) after a user gesture on the page. https://developer.chrome.com/blog/autoplay/#web_audio @ http://localhost:5180/node_modules/.vite/deps/tone.js?v=8d4b5fe3:2867
[ 3354010ms] [WARNING] The AudioContext was not allowed to start. It must be resumed (or created) after a user gesture on the page. https://developer.chrome.com/blog/autoplay/#web_audio @ http://localhost:5180/node_modules/.vite/deps/tone.js?v=8d4b5fe3:2867
[ 3354011ms] [WARNING] The AudioContext was not allowed to start. It must be resumed (or created) after a user gesture on the page. https://developer.chrome.com/blog/autoplay/#web_audio @ http://localhost:5180/node_modules/.vite/deps/tone.js?v=8d4b5fe3:2867
[ 3354011ms] [WARNING] The AudioContext was not allowed to start. It must be resumed (or created) after a user gesture on the page. https://developer.chrome.com/blog/autoplay/#web_audio @ http://localhost:5180/node_modules/.vite/deps/tone.js?v=8d4b5fe3:2867
[ 3354011ms] [WARNING] The AudioContext was not allowed to start. It must be resumed (or created) after a user gesture on the page. https://developer.chrome.com/blog/autoplay/#web_audio @ http://localhost:5180/node_modules/.vite/deps/tone.js?v=8d4b5fe3:2867
[ 3354011ms] [WARNING] The AudioContext was not allowed to start. It must be resumed (or created) after a user gesture on the page. https://developer.chrome.com/blog/autoplay/#web_audio @ http://localhost:5180/node_modules/.vite/deps/tone.js?v=8d4b5fe3:2867
[ 3354011ms] [WARNING] The AudioContext was not allowed to start. It must be resumed (or created) after a user gesture on the page. https://developer.chrome.com/blog/autoplay/#web_audio @ http://localhost:5180/node_modules/.vite/deps/tone.js?v=8d4b5fe3:2867
[ 3354011ms] [WARNING] The AudioContext was not allowed to start. It must be resumed (or created) after a user gesture on the page. https://developer.chrome.com/blog/autoplay/#web_audio @ http://localhost:5180/node_modules/.vite/deps/tone.js?v=8d4b5fe3:2867
[ 3354011ms] [WARNING] The AudioContext was not allowed to start. It must be resumed (or created) after a user gesture on the page. https://developer.chrome.com/blog/autoplay/#web_audio @ http://localhost:5180/node_modules/.vite/deps/tone.js?v=8d4b5fe3:2867
[ 3354012ms] [WARNING] The AudioContext was not allowed to start. It must be resumed (or created) after a user gesture on the page. https://developer.chrome.com/blog/autoplay/#web_audio @ http://localhost:5180/node_modules/.vite/deps/tone.js?v=8d4b5fe3:2867
[ 3354012ms] [WARNING] The AudioContext was not allowed to start. It must be resumed (or created) after a user gesture on the page. https://developer.chrome.com/blog/autoplay/#web_audio @ http://localhost:5180/node_modules/.vite/deps/tone.js?v=8d4b5fe3:2867
[ 3354012ms] [WARNING] The AudioContext was not allowed to start. It must be resumed (or created) after a user gesture on the page. https://developer.chrome.com/blog/autoplay/#web_audio @ http://localhost:5180/node_modules/.vite/deps/tone.js?v=8d4b5fe3:2867
[ 3354012ms] [WARNING] The AudioContext was not allowed to start. It must be resumed (or created) after a user gesture on the page. https://developer.chrome.com/blog/autoplay/#web_audio @ http://localhost:5180/node_modules/.vite/deps/tone.js?v=8d4b5fe3:2867
[ 3354012ms] [WARNING] The AudioContext was not allowed to start. It must be resumed (or created) after a user gesture on the page. https://developer.chrome.com/blog/autoplay/#web_audio @ http://localhost:5180/node_modules/.vite/deps/tone.js?v=8d4b5fe3:2867
[ 3354012ms] [WARNING] The AudioContext was not allowed to start. It must be resumed (or created) after a user gesture on the page. https://developer.chrome.com/blog/autoplay/#web_audio @ http://localhost:5180/node_modules/.vite/deps/tone.js?v=8d4b5fe3:2867
[ 3354012ms] [WARNING] The AudioContext was not allowed to start. It must be resumed (or created) after a user gesture on the page. https://developer.chrome.com/blog/autoplay/#web_audio @ http://localhost:5180/node_modules/.vite/deps/tone.js?v=8d4b5fe3:2867
[ 3354013ms] [WARNING] The AudioContext was not allowed to start. It must be resumed (or created) after a user gesture on the page. https://developer.chrome.com/blog/autoplay/#web_audio @ http://localhost:5180/node_modules/.vite/deps/tone.js?v=8d4b5fe3:2867
[ 3354013ms] [WARNING] The AudioContext was not allowed to start. It must be resumed (or created) after a user gesture on the page. https://developer.chrome.com/blog/autoplay/#web_audio @ http://localhost:5180/node_modules/.vite/deps/tone.js?v=8d4b5fe3:2867
[ 3354013ms] [WARNING] The AudioContext was not allowed to start. It must be resumed (or created) after a user gesture on the page. https://developer.chrome.com/blog/autoplay/#web_audio @ http://localhost:5180/node_modules/.vite/deps/tone.js?v=8d4b5fe3:2867
[ 3354013ms] [WARNING] The AudioContext was not allowed to start. It must be resumed (or created) after a user gesture on the page. https://developer.chrome.com/blog/autoplay/#web_audio @ http://localhost:5180/node_modules/.vite/deps/tone.js?v=8d4b5fe3:2867
[ 3354013ms] [WARNING] The AudioContext was not allowed to start. It must be resumed (or created) after a user gesture on the page. https://developer.chrome.com/blog/autoplay/#web_audio @ http://localhost:5180/node_modules/.vite/deps/tone.js?v=8d4b5fe3:2867
[ 3354014ms] [WARNING] The AudioContext was not allowed to start. It must be resumed (or created) after a user gesture on the page. https://developer.chrome.com/blog/autoplay/#web_audio @ http://localhost:5180/node_modules/.vite/deps/tone.js?v=8d4b5fe3:2867
[ 3354014ms] [WARNING] The AudioContext was not allowed to start. It must be resumed (or created) after a user gesture on the page. https://developer.chrome.com/blog/autoplay/#web_audio @ http://localhost:5180/node_modules/.vite/deps/tone.js?v=8d4b5fe3:2867
[ 3354014ms] [WARNING] The AudioContext was not allowed to start. It must be resumed (or created) after a user gesture on the page. https://developer.chrome.com/blog/autoplay/#web_audio @ http://localhost:5180/node_modules/.vite/deps/tone.js?v=8d4b5fe3:2867
[ 3354014ms] [WARNING] The AudioContext was not allowed to start. It must be resumed (or created) after a user gesture on the page. https://developer.chrome.com/blog/autoplay/#web_audio @ http://localhost:5180/node_modules/.vite/deps/tone.js?v=8d4b5fe3:2867
[ 3354014ms] [WARNING] The AudioContext was not allowed to start. It must be resumed (or created) after a user gesture on the page. https://developer.chrome.com/blog/autoplay/#web_audio @ http://localhost:5180/node_modules/.vite/deps/tone.js?v=8d4b5fe3:2867
[ 3354015ms] [WARNING] The AudioContext was not allowed to start. It must be resumed (or created) after a user gesture on the page. https://developer.chrome.com/blog/autoplay/#web_audio @ http://localhost:5180/node_modules/.vite/deps/tone.js?v=8d4b5fe3:2867
[ 3354015ms] [WARNING] The AudioContext was not allowed to start. It must be resumed (or created) after a user gesture on the page. https://developer.chrome.com/blog/autoplay/#web_audio @ http://localhost:5180/node_modules/.vite/deps/tone.js?v=8d4b5fe3:2867
[ 3354015ms] [WARNING] The AudioContext was not allowed to start. It must be resumed (or created) after a user gesture on the page. https://developer.chrome.com/blog/autoplay/#web_audio @ http://localhost:5180/node_modules/.vite/deps/tone.js?v=8d4b5fe3:2867
[ 3354015ms] [WARNING] The AudioContext was not allowed to start. It must be resumed (or created) after a user gesture on the page. https://developer.chrome.com/blog/autoplay/#web_audio @ http://localhost:5180/node_modules/.vite/deps/tone.js?v=8d4b5fe3:2867
[ 3354015ms] [WARNING] The AudioContext was not allowed to start. It must be resumed (or created) after a user gesture on the page. https://developer.chrome.com/blog/autoplay/#web_audio @ http://localhost:5180/node_modules/.vite/deps/tone.js?v=8d4b5fe3:2867
[ 3354015ms] [WARNING] The AudioContext was not allowed to start. It must be resumed (or created) after a user gesture on the page. https://developer.chrome.com/blog/autoplay/#web_audio @ http://localhost:5180/node_modules/.vite/deps/tone.js?v=8d4b5fe3:2867
[ 3354015ms] [WARNING] The AudioContext was not allowed to start. It must be resumed (or created) after a user gesture on the page. https://developer.chrome.com/blog/autoplay/#web_audio @ http://localhost:5180/node_modules/.vite/deps/tone.js?v=8d4b5fe3:2867
[ 3354016ms] [WARNING] The AudioContext was not allowed to start. It must be resumed (or created) after a user gesture on the page. https://developer.chrome.com/blog/autoplay/#web_audio @ http://localhost:5180/node_modules/.vite/deps/tone.js?v=8d4b5fe3:2867
[ 3354016ms] [WARNING] The AudioContext was not allowed to start. It must be resumed (or created) after a user gesture on the page. https://developer.chrome.com/blog/autoplay/#web_audio @ http://localhost:5180/node_modules/.vite/deps/tone.js?v=8d4b5fe3:2867
[ 3354016ms] [WARNING] The AudioContext was not allowed to start. It must be resumed (or created) after a user gesture on the page. https://developer.chrome.com/blog/autoplay/#web_audio @ http://localhost:5180/node_modules/.vite/deps/tone.js?v=8d4b5fe3:2867
[ 3354016ms] [WARNING] The AudioContext was not allowed to start. It must be resumed (or created) after a user gesture on the page. https://developer.chrome.com/blog/autoplay/#web_audio @ http://localhost:5180/node_modules/.vite/deps/tone.js?v=8d4b5fe3:2867
